Feb 15, 2015 3:27:36 PM org.apache.solr.servlet.SolrDispatchFilter init
INFO: SolrDispatchFilter.init()
Feb 15, 2015 3:27:36 PM org.apache.solr.core.SolrResourceLoader locateSolrHome
INFO: JNDI not configured for solr (NoInitialContextEx)
Feb 15, 2015 3:27:36 PM org.apache.solr.core.SolrResourceLoader locateSolrHome
INFO: using system property solr.solr.home: /Users/apprentice/Desktop/pearl/StoryVine/solr
Feb 15, 2015 3:27:36 PM org.apache.solr.core.CoreContainer$Initializer initialize
INFO: looking for solr.xml: /Users/apprentice/Desktop/pearl/StoryVine/solr/solr.xml
Feb 15, 2015 3:27:36 PM org.apache.solr.core.CoreContainer <init>
INFO: New CoreContainer 306123060
Feb 15, 2015 3:27:36 PM org.apache.solr.core.CoreContainer load
INFO: Loading CoreContainer using Solr Home: '/Users/apprentice/Desktop/pearl/StoryVine/solr/'
Feb 15, 2015 3:27:36 PM org.apache.solr.core.SolrResourceLoader <init>
INFO: new SolrResourceLoader for directory: '/Users/apprentice/Desktop/pearl/StoryVine/solr/'
Feb 15, 2015 3:27:36 PM org.apache.solr.handler.component.HttpShardHandlerFactory getParameter
INFO: Setting socketTimeout to: 0
Feb 15, 2015 3:27:36 PM org.apache.solr.handler.component.HttpShardHandlerFactory getParameter
INFO: Setting urlScheme to: http://
Feb 15, 2015 3:27:36 PM org.apache.solr.handler.component.HttpShardHandlerFactory getParameter
INFO: Setting connTimeout to: 0
Feb 15, 2015 3:27:36 PM org.apache.solr.handler.component.HttpShardHandlerFactory getParameter
INFO: Setting maxConnectionsPerHost to: 20
Feb 15, 2015 3:27:36 PM org.apache.solr.handler.component.HttpShardHandlerFactory getParameter
INFO: Setting corePoolSize to: 0
Feb 15, 2015 3:27:36 PM org.apache.solr.handler.component.HttpShardHandlerFactory getParameter
INFO: Setting maximumPoolSize to: 2147483647
Feb 15, 2015 3:27:36 PM org.apache.solr.handler.component.HttpShardHandlerFactory getParameter
INFO: Setting maxThreadIdleTime to: 5
Feb 15, 2015 3:27:36 PM org.apache.solr.handler.component.HttpShardHandlerFactory getParameter
INFO: Setting sizeOfQueue to: -1
Feb 15, 2015 3:27:36 PM org.apache.solr.handler.component.HttpShardHandlerFactory getParameter
INFO: Setting fairnessPolicy to: false
Feb 15, 2015 3:27:36 PM org.apache.solr.client.solrj.impl.HttpClientUtil createClient
INFO: Creating new http client, config:maxConnectionsPerHost=20&maxConnections=10000&socketTimeout=0&connTimeout=0&retry=false
Feb 15, 2015 3:27:36 PM org.apache.solr.core.CoreContainer load
INFO: Registering Log Listener
Feb 15, 2015 3:27:36 PM org.apache.solr.core.CoreContainer create
INFO: Creating SolrCore 'default' using instanceDir: /Users/apprentice/Desktop/pearl/StoryVine/solr/.
Feb 15, 2015 3:27:36 PM org.apache.solr.core.SolrResourceLoader <init>
INFO: new SolrResourceLoader for directory: '/Users/apprentice/Desktop/pearl/StoryVine/solr/./'
Feb 15, 2015 3:27:36 PM org.apache.solr.core.CoreContainer create
INFO: Creating SolrCore 'development' using instanceDir: /Users/apprentice/Desktop/pearl/StoryVine/solr/.
Feb 15, 2015 3:27:36 PM org.apache.solr.core.SolrResourceLoader <init>
INFO: new SolrResourceLoader for directory: '/Users/apprentice/Desktop/pearl/StoryVine/solr/./'
Feb 15, 2015 3:27:36 PM org.apache.solr.core.CoreContainer create
INFO: Creating SolrCore 'test' using instanceDir: /Users/apprentice/Desktop/pearl/StoryVine/solr/.
Feb 15, 2015 3:27:36 PM org.apache.solr.core.SolrResourceLoader <init>
INFO: new SolrResourceLoader for directory: '/Users/apprentice/Desktop/pearl/StoryVine/solr/./'
Feb 15, 2015 3:27:36 PM org.apache.solr.core.SolrConfig <init>
INFO: Using Lucene MatchVersion: LUCENE_41
Feb 15, 2015 3:27:36 PM org.apache.solr.core.SolrConfig <init>
INFO: Using Lucene MatchVersion: LUCENE_41
Feb 15, 2015 3:27:36 PM org.apache.solr.core.SolrConfig <init>
INFO: Using Lucene MatchVersion: LUCENE_41
Feb 15, 2015 3:27:36 PM org.apache.solr.core.SolrConfig <init>
INFO: Loaded SolrConfig: solrconfig.xml
Feb 15, 2015 3:27:36 PM org.apache.solr.core.SolrConfig <init>
INFO: Loaded SolrConfig: solrconfig.xml
Feb 15, 2015 3:27:36 PM org.apache.solr.core.SolrConfig <init>
INFO: Loaded SolrConfig: solrconfig.xml
Feb 15, 2015 3:27:36 PM org.apache.solr.schema.IndexSchema readSchema
INFO: Reading Solr Schema
Feb 15, 2015 3:27:36 PM org.apache.solr.schema.IndexSchema readSchema
INFO: Reading Solr Schema
Feb 15, 2015 3:27:36 PM org.apache.solr.schema.IndexSchema readSchema
INFO: Reading Solr Schema
Feb 15, 2015 3:27:36 PM org.apache.solr.schema.IndexSchema readSchema
INFO: Schema name=sunspot
Feb 15, 2015 3:27:36 PM org.apache.solr.schema.IndexSchema readSchema
INFO: Schema name=sunspot
Feb 15, 2015 3:27:36 PM org.apache.solr.schema.IndexSchema readSchema
INFO: Schema name=sunspot
Feb 15, 2015 3:27:36 PM org.apache.solr.schema.IndexSchema readSchema
INFO: default search field in schema is text
Feb 15, 2015 3:27:36 PM org.apache.solr.schema.IndexSchema readSchema
INFO: query parser default operator is AND
Feb 15, 2015 3:27:36 PM org.apache.solr.schema.IndexSchema readSchema
INFO: default search field in schema is text
Feb 15, 2015 3:27:36 PM org.apache.solr.schema.IndexSchema readSchema
INFO: query parser default operator is AND
Feb 15, 2015 3:27:36 PM org.apache.solr.schema.IndexSchema readSchema
INFO: unique key field: id
Feb 15, 2015 3:27:36 PM org.apache.solr.schema.IndexSchema readSchema
INFO: default search field in schema is text
Feb 15, 2015 3:27:36 PM org.apache.solr.schema.IndexSchema readSchema
INFO: unique key field: id
Feb 15, 2015 3:27:36 PM org.apache.solr.schema.IndexSchema readSchema
INFO: query parser default operator is AND
Feb 15, 2015 3:27:36 PM org.apache.solr.schema.IndexSchema readSchema
INFO: unique key field: id
Feb 15, 2015 3:27:36 PM org.apache.solr.core.SolrCore <init>
INFO: [test] Opening new SolrCore at /Users/apprentice/Desktop/pearl/StoryVine/solr/./, dataDir=/Users/apprentice/Desktop/pearl/StoryVine/solr/./test/data/
Feb 15, 2015 3:27:36 PM org.apache.solr.core.SolrCore <init>
INFO: JMX monitoring not detected for core: test
Feb 15, 2015 3:27:36 PM org.apache.solr.core.SolrCore initDirectoryFactory
INFO: solr.NRTCachingDirectoryFactory
Feb 15, 2015 3:27:36 PM org.apache.solr.core.SolrCore <init>
INFO: [default] Opening new SolrCore at /Users/apprentice/Desktop/pearl/StoryVine/solr/./, dataDir=/Users/apprentice/Desktop/pearl/StoryVine/solr/./default/data/
Feb 15, 2015 3:27:36 PM org.apache.solr.core.SolrCore <init>
INFO: JMX monitoring not detected for core: default
Feb 15, 2015 3:27:36 PM org.apache.solr.core.SolrCore <init>
INFO: [development] Opening new SolrCore at /Users/apprentice/Desktop/pearl/StoryVine/solr/./, dataDir=/Users/apprentice/Desktop/pearl/StoryVine/solr/./development/data/
Feb 15, 2015 3:27:36 PM org.apache.solr.core.SolrCore <init>
INFO: JMX monitoring not detected for core: development
Feb 15, 2015 3:27:36 PM org.apache.solr.core.SolrCore initDirectoryFactory
INFO: solr.NRTCachingDirectoryFactory
Feb 15, 2015 3:27:36 PM org.apache.solr.core.SolrCore initDirectoryFactory
INFO: solr.NRTCachingDirectoryFactory
Feb 15, 2015 3:27:36 PM org.apache.solr.core.CachingDirectoryFactory get
INFO: return new directory for /Users/apprentice/Desktop/pearl/StoryVine/solr/./development/data forceNew: false
Feb 15, 2015 3:27:36 PM org.apache.solr.core.SolrCore getNewIndexDir
INFO: New index directory detected: old=null new=/Users/apprentice/Desktop/pearl/StoryVine/solr/./development/data/index/
Feb 15, 2015 3:27:36 PM org.apache.solr.core.SolrCore initIndex
WARNING: [development] Solr index directory '/Users/apprentice/Desktop/pearl/StoryVine/solr/./development/data/index' doesn't exist. Creating new index...
Feb 15, 2015 3:27:36 PM org.apache.solr.core.CachingDirectoryFactory get
INFO: return new directory for /Users/apprentice/Desktop/pearl/StoryVine/solr/./default/data forceNew: false
Feb 15, 2015 3:27:36 PM org.apache.solr.core.SolrCore getNewIndexDir
INFO: New index directory detected: old=null new=/Users/apprentice/Desktop/pearl/StoryVine/solr/./default/data/index/
Feb 15, 2015 3:27:36 PM org.apache.solr.core.SolrCore initIndex
WARNING: [default] Solr index directory '/Users/apprentice/Desktop/pearl/StoryVine/solr/./default/data/index' doesn't exist. Creating new index...
Feb 15, 2015 3:27:36 PM org.apache.solr.core.CachingDirectoryFactory get
INFO: return new directory for /Users/apprentice/Desktop/pearl/StoryVine/solr/./test/data forceNew: false
Feb 15, 2015 3:27:36 PM org.apache.solr.core.SolrCore getNewIndexDir
INFO: New index directory detected: old=null new=/Users/apprentice/Desktop/pearl/StoryVine/solr/./test/data/index/
Feb 15, 2015 3:27:36 PM org.apache.solr.core.SolrCore initIndex
WARNING: [test] Solr index directory '/Users/apprentice/Desktop/pearl/StoryVine/solr/./test/data/index' doesn't exist. Creating new index...
Feb 15, 2015 3:27:36 PM org.apache.solr.core.CachingDirectoryFactory get
INFO: return new directory for /Users/apprentice/Desktop/pearl/StoryVine/solr/./development/data/index forceNew: false
Feb 15, 2015 3:27:36 PM org.apache.solr.core.CachingDirectoryFactory get
INFO: return new directory for /Users/apprentice/Desktop/pearl/StoryVine/solr/./test/data/index forceNew: false
Feb 15, 2015 3:27:36 PM org.apache.solr.core.CachingDirectoryFactory get
INFO: return new directory for /Users/apprentice/Desktop/pearl/StoryVine/solr/./default/data/index forceNew: false
Feb 15, 2015 3:27:37 PM org.apache.solr.core.SolrDeletionPolicy onCommit
INFO: SolrDeletionPolicy.onCommit: commits:num=1
	commit{dir=NRTCachingDirectory(org.apache.lucene.store.NIOFSDirectory@/Users/apprentice/Desktop/pearl/StoryVine/solr/test/data/index lockFactory=org.apache.lucene.store.NativeFSLockFactory@778dd41; maxCacheMB=48.0 maxMergeSizeMB=4.0),segFN=segments_1,generation=1,filenames=[segments_1]
Feb 15, 2015 3:27:37 PM org.apache.solr.core.SolrDeletionPolicy updateCommits
INFO: newest commit = 1[segments_1]
Feb 15, 2015 3:27:37 PM org.apache.solr.core.SolrDeletionPolicy onCommit
INFO: SolrDeletionPolicy.onCommit: commits:num=1
	commit{dir=NRTCachingDirectory(org.apache.lucene.store.NIOFSDirectory@/Users/apprentice/Desktop/pearl/StoryVine/solr/default/data/index lockFactory=org.apache.lucene.store.NativeFSLockFactory@29725d4; maxCacheMB=48.0 maxMergeSizeMB=4.0),segFN=segments_1,generation=1,filenames=[segments_1]
Feb 15, 2015 3:27:37 PM org.apache.solr.core.SolrDeletionPolicy updateCommits
INFO: newest commit = 1[segments_1]
Feb 15, 2015 3:27:37 PM org.apache.solr.core.SolrDeletionPolicy onCommit
INFO: SolrDeletionPolicy.onCommit: commits:num=1
	commit{dir=NRTCachingDirectory(org.apache.lucene.store.NIOFSDirectory@/Users/apprentice/Desktop/pearl/StoryVine/solr/development/data/index lockFactory=org.apache.lucene.store.NativeFSLockFactory@17401d8d; maxCacheMB=48.0 maxMergeSizeMB=4.0),segFN=segments_1,generation=1,filenames=[segments_1]
Feb 15, 2015 3:27:37 PM org.apache.solr.core.SolrDeletionPolicy updateCommits
INFO: newest commit = 1[segments_1]
Feb 15, 2015 3:27:37 PM org.apache.solr.core.RequestHandlers initHandlersFromConfig
INFO: created /select: solr.SearchHandler
Feb 15, 2015 3:27:37 PM org.apache.solr.core.RequestHandlers initHandlersFromConfig
INFO: created /query: solr.SearchHandler
Feb 15, 2015 3:27:37 PM org.apache.solr.core.RequestHandlers initHandlersFromConfig
INFO: created /select: solr.SearchHandler
Feb 15, 2015 3:27:37 PM org.apache.solr.core.RequestHandlers initHandlersFromConfig
INFO: created /query: solr.SearchHandler
Feb 15, 2015 3:27:37 PM org.apache.solr.core.RequestHandlers initHandlersFromConfig
INFO: created /get: solr.RealTimeGetHandler
Feb 15, 2015 3:27:37 PM org.apache.solr.core.RequestHandlers initHandlersFromConfig
INFO: created /select: solr.SearchHandler
Feb 15, 2015 3:27:37 PM org.apache.solr.core.RequestHandlers initHandlersFromConfig
INFO: created /query: solr.SearchHandler
Feb 15, 2015 3:27:37 PM org.apache.solr.core.RequestHandlers initHandlersFromConfig
INFO: created /get: solr.RealTimeGetHandler
Feb 15, 2015 3:27:37 PM org.apache.solr.core.RequestHandlers initHandlersFromConfig
INFO: created /update: solr.UpdateRequestHandler
Feb 15, 2015 3:27:37 PM org.apache.solr.core.RequestHandlers initHandlersFromConfig
INFO: created /update/json: solr.JsonUpdateRequestHandler
Feb 15, 2015 3:27:37 PM org.apache.solr.core.RequestHandlers initHandlersFromConfig
INFO: created /update: solr.UpdateRequestHandler
Feb 15, 2015 3:27:37 PM org.apache.solr.core.RequestHandlers initHandlersFromConfig
INFO: created /update/json: solr.JsonUpdateRequestHandler
Feb 15, 2015 3:27:37 PM org.apache.solr.core.RequestHandlers initHandlersFromConfig
INFO: created /get: solr.RealTimeGetHandler
Feb 15, 2015 3:27:37 PM org.apache.solr.core.RequestHandlers initHandlersFromConfig
INFO: created /update: solr.UpdateRequestHandler
Feb 15, 2015 3:27:37 PM org.apache.solr.core.RequestHandlers initHandlersFromConfig
INFO: created /update/csv: solr.CSVRequestHandler
Feb 15, 2015 3:27:37 PM org.apache.solr.core.RequestHandlers initHandlersFromConfig
INFO: created /update/csv: solr.CSVRequestHandler
Feb 15, 2015 3:27:37 PM org.apache.solr.core.RequestHandlers initHandlersFromConfig
INFO: adding lazy requestHandler: solr.extraction.ExtractingRequestHandler
Feb 15, 2015 3:27:37 PM org.apache.solr.core.RequestHandlers initHandlersFromConfig
INFO: created /update/json: solr.JsonUpdateRequestHandler
Feb 15, 2015 3:27:37 PM org.apache.solr.core.RequestHandlers initHandlersFromConfig
INFO: created /update/extract: solr.extraction.ExtractingRequestHandler
Feb 15, 2015 3:27:37 PM org.apache.solr.core.RequestHandlers initHandlersFromConfig
INFO: adding lazy requestHandler: solr.FieldAnalysisRequestHandler
Feb 15, 2015 3:27:37 PM org.apache.solr.core.RequestHandlers initHandlersFromConfig
INFO: created /analysis/field: solr.FieldAnalysisRequestHandler
Feb 15, 2015 3:27:37 PM org.apache.solr.core.RequestHandlers initHandlersFromConfig
INFO: adding lazy requestHandler: solr.DocumentAnalysisRequestHandler
Feb 15, 2015 3:27:37 PM org.apache.solr.core.RequestHandlers initHandlersFromConfig
INFO: created /analysis/document: solr.DocumentAnalysisRequestHandler
Feb 15, 2015 3:27:37 PM org.apache.solr.core.RequestHandlers initHandlersFromConfig
INFO: created /admin/ping: solr.PingRequestHandler
Feb 15, 2015 3:27:37 PM org.apache.solr.core.RequestHandlers initHandlersFromConfig
INFO: adding lazy requestHandler: solr.extraction.ExtractingRequestHandler
Feb 15, 2015 3:27:37 PM org.apache.solr.core.RequestHandlers initHandlersFromConfig
INFO: created /update/extract: solr.extraction.ExtractingRequestHandler
Feb 15, 2015 3:27:37 PM org.apache.solr.core.RequestHandlers initHandlersFromConfig
INFO: adding lazy requestHandler: solr.FieldAnalysisRequestHandler
Feb 15, 2015 3:27:37 PM org.apache.solr.core.RequestHandlers initHandlersFromConfig
INFO: created /analysis/field: solr.FieldAnalysisRequestHandler
Feb 15, 2015 3:27:37 PM org.apache.solr.core.RequestHandlers initHandlersFromConfig
INFO: adding lazy requestHandler: solr.DocumentAnalysisRequestHandler
Feb 15, 2015 3:27:37 PM org.apache.solr.core.RequestHandlers initHandlersFromConfig
INFO: created /analysis/document: solr.DocumentAnalysisRequestHandler
Feb 15, 2015 3:27:37 PM org.apache.solr.core.RequestHandlers initHandlersFromConfig
INFO: created /update/csv: solr.CSVRequestHandler
Feb 15, 2015 3:27:37 PM org.apache.solr.core.RequestHandlers initHandlersFromConfig
INFO: adding lazy requestHandler: solr.extraction.ExtractingRequestHandler
Feb 15, 2015 3:27:37 PM org.apache.solr.core.RequestHandlers initHandlersFromConfig
INFO: created /update/extract: solr.extraction.ExtractingRequestHandler
Feb 15, 2015 3:27:37 PM org.apache.solr.core.RequestHandlers initHandlersFromConfig
INFO: adding lazy requestHandler: solr.FieldAnalysisRequestHandler
Feb 15, 2015 3:27:37 PM org.apache.solr.core.RequestHandlers initHandlersFromConfig
INFO: created /analysis/field: solr.FieldAnalysisRequestHandler
Feb 15, 2015 3:27:37 PM org.apache.solr.core.RequestHandlers initHandlersFromConfig
INFO: adding lazy requestHandler: solr.DocumentAnalysisRequestHandler
Feb 15, 2015 3:27:37 PM org.apache.solr.core.RequestHandlers initHandlersFromConfig
INFO: created /analysis/document: solr.DocumentAnalysisRequestHandler
Feb 15, 2015 3:27:37 PM org.apache.solr.core.RequestHandlers initHandlersFromConfig
INFO: created /admin/ping: solr.PingRequestHandler
Feb 15, 2015 3:27:37 PM org.apache.solr.core.RequestHandlers initHandlersFromConfig
INFO: created /admin/ping: solr.PingRequestHandler
Feb 15, 2015 3:27:37 PM org.apache.solr.core.RequestHandlers initHandlersFromConfig
INFO: created /debug/dump: solr.DumpRequestHandler
Feb 15, 2015 3:27:37 PM org.apache.solr.core.RequestHandlers initHandlersFromConfig
INFO: created /debug/dump: solr.DumpRequestHandler
Feb 15, 2015 3:27:37 PM org.apache.solr.core.RequestHandlers initHandlersFromConfig
INFO: created /debug/dump: solr.DumpRequestHandler
Feb 15, 2015 3:27:37 PM org.apache.solr.core.RequestHandlers initHandlersFromConfig
INFO: created /replication: solr.ReplicationHandler
Feb 15, 2015 3:27:37 PM org.apache.solr.core.RequestHandlers initHandlersFromConfig
INFO: created /replication: solr.ReplicationHandler
Feb 15, 2015 3:27:37 PM org.apache.solr.core.RequestHandlers initHandlersFromConfig
INFO: created /replication: solr.ReplicationHandler
Feb 15, 2015 3:27:37 PM org.apache.solr.core.RequestHandlers initHandlersFromConfig
INFO: created /mlt: solr.MoreLikeThisHandler
Feb 15, 2015 3:27:37 PM org.apache.solr.core.RequestHandlers initHandlersFromConfig
INFO: created /mlt: solr.MoreLikeThisHandler
Feb 15, 2015 3:27:37 PM org.apache.solr.core.RequestHandlers initHandlersFromConfig
INFO: created /mlt: solr.MoreLikeThisHandler
Feb 15, 2015 3:27:37 PM org.apache.solr.core.RequestHandlers initHandlersFromConfig
INFO: created /admin/: solr.admin.AdminHandlers
Feb 15, 2015 3:27:37 PM org.apache.solr.core.RequestHandlers initHandlersFromConfig
INFO: created /admin/: solr.admin.AdminHandlers
Feb 15, 2015 3:27:37 PM org.apache.solr.core.RequestHandlers initHandlersFromConfig
INFO: created /admin/: solr.admin.AdminHandlers
Feb 15, 2015 3:27:37 PM org.apache.solr.handler.loader.XMLLoader init
INFO: xsltCacheLifetimeSeconds=60
Feb 15, 2015 3:27:37 PM org.apache.solr.handler.loader.XMLLoader init
INFO: xsltCacheLifetimeSeconds=60
Feb 15, 2015 3:27:37 PM org.apache.solr.handler.loader.XMLLoader init
INFO: xsltCacheLifetimeSeconds=60
Feb 15, 2015 3:27:37 PM org.apache.solr.handler.loader.XMLLoader init
INFO: xsltCacheLifetimeSeconds=60
Feb 15, 2015 3:27:37 PM org.apache.solr.handler.loader.XMLLoader init
INFO: xsltCacheLifetimeSeconds=60
Feb 15, 2015 3:27:37 PM org.apache.solr.handler.loader.XMLLoader init
INFO: xsltCacheLifetimeSeconds=60
Feb 15, 2015 3:27:37 PM org.apache.solr.handler.loader.XMLLoader init
INFO: xsltCacheLifetimeSeconds=60
Feb 15, 2015 3:27:37 PM org.apache.solr.handler.loader.XMLLoader init
INFO: xsltCacheLifetimeSeconds=60
Feb 15, 2015 3:27:37 PM org.apache.solr.handler.loader.XMLLoader init
INFO: xsltCacheLifetimeSeconds=60
Feb 15, 2015 3:27:37 PM org.apache.solr.search.SolrIndexSearcher <init>
INFO: Opening Searcher@4d8badd6 main
Feb 15, 2015 3:27:37 PM org.apache.solr.search.SolrIndexSearcher <init>
INFO: Opening Searcher@595504a0 main
Feb 15, 2015 3:27:37 PM org.apache.solr.search.SolrIndexSearcher <init>
INFO: Opening Searcher@6d9eb74 main
Feb 15, 2015 3:27:37 PM org.apache.solr.update.CommitTracker <init>
INFO: Hard AutoCommit: if uncommited for 15000ms; 
Feb 15, 2015 3:27:37 PM org.apache.solr.update.CommitTracker <init>
INFO: Hard AutoCommit: if uncommited for 15000ms; 
Feb 15, 2015 3:27:37 PM org.apache.solr.update.CommitTracker <init>
INFO: Soft AutoCommit: if uncommited for 5000ms; 
Feb 15, 2015 3:27:37 PM org.apache.solr.update.CommitTracker <init>
INFO: Soft AutoCommit: if uncommited for 5000ms; 
Feb 15, 2015 3:27:37 PM org.apache.solr.update.CommitTracker <init>
INFO: Hard AutoCommit: if uncommited for 15000ms; 
Feb 15, 2015 3:27:37 PM org.apache.solr.handler.component.SpellCheckComponent inform
INFO: Initializing spell checkers
Feb 15, 2015 3:27:37 PM org.apache.solr.handler.component.SpellCheckComponent inform
INFO: Initializing spell checkers
Feb 15, 2015 3:27:37 PM org.apache.solr.update.CommitTracker <init>
INFO: Soft AutoCommit: if uncommited for 5000ms; 
Feb 15, 2015 3:27:37 PM org.apache.solr.handler.component.SpellCheckComponent inform
INFO: Initializing spell checkers
Feb 15, 2015 3:27:37 PM org.apache.solr.spelling.DirectSolrSpellChecker init
INFO: init: {name=default,field=name,classname=solr.DirectSolrSpellChecker,distanceMeasure=internal,accuracy=0.5,maxEdits=2,minPrefix=1,maxInspections=5,minQueryLength=4,maxQueryFrequency=0.01}
Feb 15, 2015 3:27:37 PM org.apache.solr.spelling.DirectSolrSpellChecker init
INFO: init: {name=default,field=name,classname=solr.DirectSolrSpellChecker,distanceMeasure=internal,accuracy=0.5,maxEdits=2,minPrefix=1,maxInspections=5,minQueryLength=4,maxQueryFrequency=0.01}
Feb 15, 2015 3:27:37 PM org.apache.solr.spelling.DirectSolrSpellChecker init
INFO: init: {name=default,field=name,classname=solr.DirectSolrSpellChecker,distanceMeasure=internal,accuracy=0.5,maxEdits=2,minPrefix=1,maxInspections=5,minQueryLength=4,maxQueryFrequency=0.01}
Feb 15, 2015 3:27:37 PM org.apache.solr.handler.component.SpellCheckComponent inform
INFO: No queryConverter defined, using default converter
Feb 15, 2015 3:27:37 PM org.apache.solr.handler.component.SpellCheckComponent inform
INFO: No queryConverter defined, using default converter
Feb 15, 2015 3:27:37 PM org.apache.solr.handler.component.SpellCheckComponent inform
INFO: No queryConverter defined, using default converter
Feb 15, 2015 3:27:37 PM org.apache.solr.handler.ReplicationHandler inform
INFO: Commits will be reserved for  10000
Feb 15, 2015 3:27:37 PM org.apache.solr.handler.ReplicationHandler inform
INFO: Commits will be reserved for  10000
Feb 15, 2015 3:27:37 PM org.apache.solr.handler.ReplicationHandler inform
INFO: Commits will be reserved for  10000
Feb 15, 2015 3:27:37 PM org.apache.solr.core.SolrCore registerSearcher
INFO: [default] Registered new searcher Searcher@595504a0 main{StandardDirectoryReader(segments_1:1)}
Feb 15, 2015 3:27:37 PM org.apache.solr.core.CoreContainer registerCore
INFO: registering core: default
Feb 15, 2015 3:27:37 PM org.apache.solr.core.CoreContainer registerCore
INFO: registering core: development
Feb 15, 2015 3:27:37 PM org.apache.solr.core.SolrCore registerSearcher
INFO: [development] Registered new searcher Searcher@4d8badd6 main{StandardDirectoryReader(segments_1:1)}
Feb 15, 2015 3:27:37 PM org.apache.solr.core.SolrCore registerSearcher
INFO: [test] Registered new searcher Searcher@6d9eb74 main{StandardDirectoryReader(segments_1:1)}
Feb 15, 2015 3:27:37 PM org.apache.solr.core.CoreContainer registerCore
INFO: registering core: test
Feb 15, 2015 3:27:37 PM org.apache.solr.servlet.SolrDispatchFilter init
INFO: user.dir=/Users/apprentice/.rbenv/versions/2.0.0-p353/lib/ruby/gems/2.0.0/gems/sunspot_solr-2.1.1/solr
Feb 15, 2015 3:27:37 PM org.apache.solr.servlet.SolrDispatchFilter init
INFO: SolrDispatchFilter.init() done
